number,value,datetime_start,datetime_complete,duration,params_bn_0,params_bn_1,params_bn_2,params_bn_3,params_filters_0,params_filters_1,params_filters_2,params_filters_3,params_fnn_bn_0,params_fnn_bn_1,params_fnn_dropout_0,params_fnn_dropout_1,params_fnn_dropout_rate_0,params_fnn_dropout_rate_1,params_fnn_units_0,params_fnn_units_1,params_head_bn_0,params_head_bn_1,params_head_dropout_0,params_head_dropout_1,params_head_dropout_rate_0,params_head_dropout_rate_1,params_head_units_0,params_head_units_1,params_kernel_0,params_kernel_1,params_kernel_2,params_kernel_3,params_lr,params_n_conv_layers,params_n_fnn_layers,params_n_head_layers,params_pool_0,params_pool_1,params_pool_2,params_pool_3,state
0,0.6628608703613281,2025-07-25 11:37:15.465837,2025-07-25 11:37:27.652498,0 days 00:00:12.186661,False,False,True,,64,16,128.0,,True,False,True,False,0.21488182946830525,,64,256.0,True,,True,,0.2592482360597807,,64,,"(3, 3)","(3, 3)","(3, 3)",,0.00028614613250871703,3,2,1,True,False,True,,COMPLETE
1,1.4752919673919678,2025-07-25 11:37:27.653207,2025-07-25 11:37:39.558582,0 days 00:00:11.905375,True,True,,,32,128,,,False,False,True,False,0.40515877241515996,,64,128.0,True,False,True,False,0.41451886122711,,256,128.0,"(2, 2)","(2, 2)",,,0.003694143198829644,2,2,2,False,False,,,COMPLETE
2,0.6918553709983826,2025-07-25 11:37:39.560002,2025-07-25 11:37:49.715932,0 days 00:00:10.155930,True,False,,,64,64,,,False,False,False,True,,0.2430901015241751,64,128.0,False,False,True,True,0.48129933744688813,0.36445374640519634,128,256.0,"(3, 3)","(3, 3)",,,0.0004782047480191264,2,2,2,True,True,,,COMPLETE
3,0.8007176518440247,2025-07-25 11:37:49.717984,2025-07-25 11:38:01.727173,0 days 00:00:12.009189,False,True,True,,64,64,64.0,,False,,False,,,,256,,True,,False,,,,128,,"(5, 5)","(5, 5)","(5, 5)",,0.0003199640205168999,3,1,1,False,True,True,,COMPLETE
4,0.7979799509048462,2025-07-25 11:38:01.729665,2025-07-25 11:38:18.457597,0 days 00:00:16.727932,False,True,False,True,64,128,32.0,64.0,True,True,False,False,,,128,64.0,False,,False,,,,64,,"(2, 2)","(2, 2)","(5, 5)","(3, 3)",0.00046386000000114727,4,2,1,False,False,True,True,COMPLETE
5,0.6655994653701782,2025-07-25 11:38:18.459975,2025-07-25 11:38:26.781918,0 days 00:00:08.321943,True,True,False,,32,64,16.0,,False,,False,,,,256,,True,,False,,,,64,,"(5, 5)","(5, 5)","(2, 2)",,0.004121420341563932,3,1,1,True,False,True,,COMPLETE
6,0.7528393268585205,2025-07-25 11:38:26.784902,2025-07-25 11:38:34.797211,0 days 00:00:08.012309,False,False,,,32,32,,,True,False,False,True,,0.41444935008883776,256,64.0,False,,True,,0.49558129998176287,,256,,"(3, 3)","(2, 2)",,,0.00016432855805242755,2,2,1,True,True,,,COMPLETE
7,0.7608810663223267,2025-07-25 11:38:34.800022,2025-07-25 11:38:41.345976,0 days 00:00:06.545954,True,True,,,64,128,,,True,False,False,False,,,64,128.0,False,False,False,False,,,128,64.0,"(3, 3)","(2, 2)",,,0.0020076611390147906,2,2,2,True,True,,,COMPLETE
8,0.8184999823570251,2025-07-25 11:38:41.348358,2025-07-25 11:38:58.146526,0 days 00:00:16.798168,True,True,True,False,64,64,32.0,128.0,True,,True,,0.44919698268413477,,64,,False,,False,,,,256,,"(3, 3)","(5, 5)","(2, 2)","(3, 3)",0.002038897444980594,4,1,1,False,False,False,True,COMPLETE
9,0.8152387738227844,2025-07-25 11:38:58.147994,2025-07-25 11:39:09.585840,0 days 00:00:11.437846,True,True,,,64,64,,,True,True,True,True,0.2807483072871978,0.3215282066008378,256,64.0,False,True,False,True,,0.4851975411364713,64,256.0,"(2, 2)","(2, 2)",,,0.00013906473343642904,2,2,2,True,True,,,COMPLETE
10,0.6279265880584717,2025-07-25 11:39:09.587573,2025-07-25 11:39:20.275805,0 days 00:00:10.688232,False,False,True,,128,16,128.0,,True,,True,,0.22111942392194883,,128,,True,,True,,0.20690804153293668,,64,,"(3, 3)","(3, 3)","(3, 3)",,0.0009178053495611932,3,1,1,True,False,False,,COMPLETE
11,0.7271736264228821,2025-07-25 11:39:20.277156,2025-07-25 11:39:27.883946,0 days 00:00:07.606790,False,False,True,,128,16,128.0,,True,,True,,0.2134018036988449,,128,,True,,True,,0.20474164495321928,,64,,"(3, 3)","(3, 3)","(3, 3)",,0.00092515632247225,3,1,1,True,False,False,,COMPLETE
12,0.5810703635215759,2025-07-25 11:39:27.885694,2025-07-25 11:39:36.843935,0 days 00:00:08.958241,False,False,True,,16,16,128.0,,True,,True,,0.20903639773604485,,128,,True,,True,,0.22728760225949235,,64,,"(3, 3)","(3, 3)","(3, 3)",,0.009049536039330376,3,1,1,True,False,False,,COMPLETE
13,0.658190906047821,2025-07-25 11:39:36.845623,2025-07-25 11:39:45.311239,0 days 00:00:08.465616,False,False,True,,16,16,128.0,,True,,True,,0.30659461348695827,,128,,True,,True,,0.2844887443678322,,64,,"(3, 3)","(3, 3)","(3, 3)",,0.008094459226059956,3,1,1,True,False,False,,COMPLETE
14,0.538718581199646,2025-07-25 11:39:45.313268,2025-07-25 11:39:56.928213,0 days 00:00:11.614945,False,False,True,False,128,16,128.0,16.0,True,,True,,0.20192802119093448,,128,,True,,True,,0.21099823868751674,,64,,"(5, 5)","(3, 3)","(3, 3)","(5, 5)",0.0010837147716673398,4,1,1,True,False,False,False,COMPLETE
15,0.9766234159469604,2025-07-25 11:39:56.929286,2025-07-25 11:40:05.442241,0 days 00:00:08.512955,False,False,True,False,16,16,128.0,16.0,True,,True,,0.291164503144932,,128,,True,,True,,0.29972048823622904,,64,,"(5, 5)","(3, 3)","(3, 3)","(5, 5)",0.008788524716512782,4,1,1,True,False,False,False,COMPLETE
16,0.6269699335098267,2025-07-25 11:40:05.443359,2025-07-25 11:40:15.517219,0 days 00:00:10.073860,False,False,False,False,128,32,16.0,16.0,True,,True,,0.35213419844008914,,128,,True,,True,,0.33520256833924433,,64,,"(5, 5)","(3, 3)","(3, 3)","(2, 2)",0.0018049749536896197,4,1,1,True,False,False,False,COMPLETE
17,0.6024302244186401,2025-07-25 11:40:15.518365,2025-07-25 11:40:25.349687,0 days 00:00:09.831322,False,False,True,True,16,16,64.0,32.0,True,,True,,0.2623363258789443,,128,,True,True,True,True,0.2428368243485183,0.21521672940059183,64,128.0,"(5, 5)","(3, 3)","(3, 3)","(5, 5)",0.004278326122300624,4,1,2,True,False,False,False,COMPLETE
18,0.9849034547805786,2025-07-25 11:40:25.350783,2025-07-25 11:40:39.108719,0 days 00:00:13.757936,False,False,True,False,16,16,128.0,16.0,False,,True,,0.34725015620119093,,128,,True,,True,,0.34339183278646496,,256,,"(5, 5)","(3, 3)","(3, 3)","(5, 5)",0.0012999632149439395,4,1,1,False,False,False,False,COMPLETE
19,0.6021120548248291,2025-07-25 11:40:39.109823,2025-07-25 11:40:48.334627,0 days 00:00:09.224804,False,False,True,,128,16,128.0,,True,,True,,0.24578028934631438,,128,,True,,True,,0.39546153515731225,,128,,"(5, 5)","(3, 3)","(5, 5)",,0.005319254043264244,3,1,1,True,False,False,,COMPLETE
