number,value,params_bn_0,params_bn_1,params_bn_2,params_bn_3,params_extra_features,params_filters_0,params_filters_1,params_filters_2,params_filters_3,params_fnn_bn_0,params_fnn_bn_1,params_fnn_dropout_0,params_fnn_dropout_1,params_fnn_dropout_rate_0,params_fnn_dropout_rate_1,params_fnn_units_0,params_fnn_units_1,params_head_bn_0,params_head_bn_1,params_head_dropout_0,params_head_dropout_1,params_head_dropout_rate_0,params_head_dropout_rate_1,params_head_units_0,params_head_units_1,params_kernel_0,params_kernel_1,params_kernel_2,params_kernel_3,params_lr,params_n_conv_layers,params_n_fnn_layers,params_n_head_layers,params_pool_0,params_pool_1,params_pool_2,params_pool_3,params_use_augmentation,state
0,inf,False,False,False,,"['kT', 'Lx_soft']",16,32,64.0,,False,,False,,,,256,,False,False,True,True,0.2675847034100427,0.4529945283401929,64,256.0,"[3, 3]","[2, 2]","[3, 3]",,0.004600742129166465,3,1,2,False,False,True,,True,COMPLETE
1,0.3356502056121826,True,False,False,False,['redshift'],16,16,16.0,64.0,True,,True,,0.2844914538525272,,64,,True,,True,,0.2156223703543057,,64,,"[10, 10]","[5, 5]","[3, 3]","[5, 5]",0.001352061868513488,4,1,1,False,False,True,False,False,COMPLETE
2,inf,False,False,,,"['redshift', 'Lx_soft']",64,64,,,False,,True,,0.33045841955709265,,128,,True,False,True,False,0.20469698293093214,,64,64.0,"[5, 5]","[5, 5]",,,0.0023406484805768464,2,1,2,False,False,,,False,COMPLETE
3,0.0853661522269249,True,True,False,False,"['redshift', 'kT']",128,64,16.0,16.0,False,,True,,0.2870115747660932,,64,,True,False,True,False,0.3439543661411012,,256,64.0,"[10, 10]","[5, 5]","[2, 2]","[3, 3]",0.00012757701557196676,4,1,2,False,True,False,False,True,COMPLETE
4,inf,False,True,,,"['kT', 'Lx_soft']",64,128,,,True,True,False,False,,,64,64.0,False,True,True,True,0.3606715027965672,0.3024449436751896,64,256.0,"[5, 5]","[3, 3]",,,0.0031340509406625637,2,2,2,False,True,,,True,COMPLETE
5,inf,True,False,True,False,"['redshift', 'Lx_soft']",64,128,128.0,32.0,False,False,False,True,,0.4707567847121381,256,128.0,True,,True,,0.22968724047208755,,256,,"[5, 5]","[2, 2]","[2, 2]","[3, 3]",0.0002390333701553277,4,2,1,True,True,False,False,False,COMPLETE
6,0.5648594498634338,False,True,True,,['redshift'],64,16,64.0,,False,,False,,,,256,,False,,True,,0.2960757492310557,,64,,"[3, 3]","[2, 2]","[5, 5]",,0.0009433138775562454,3,1,1,True,False,True,,True,COMPLETE
7,0.07505534589290619,False,False,,,['kT'],64,32,,,False,False,True,True,0.29679451716001576,0.3102698141573363,64,64.0,False,,False,,,,64,,"[5, 5]","[3, 3]",,,0.0019216661632826227,2,2,1,False,False,,,True,COMPLETE
8,inf,True,False,,,"['redshift', 'kT', 'Lx_soft']",32,32,,,False,True,False,True,,0.3248969213532915,64,256.0,True,,False,,,,64,,"[3, 3]","[5, 5]",,,0.001605337797294664,2,2,1,False,True,,,True,COMPLETE
9,inf,False,True,False,,"['kT', 'Lx_soft']",64,32,32.0,,False,False,False,False,,,256,256.0,False,,True,,0.2140690308175415,,128,,"[3, 3]","[3, 3]","[5, 5]",,0.0011428079005729736,3,2,1,True,False,False,,False,COMPLETE
10,0.5513033270835876,False,False,,,['redshift'],64,16,,,True,,False,,,,128,,True,,True,,0.31252004988253723,,128,,"[10, 10]","[3, 3]",,,0.0016432144762864248,2,1,1,False,True,,,True,COMPLETE
11,0.1666882187128067,False,False,,,['kT'],16,128,,,True,,False,,,,256,,False,False,True,False,0.28399601180852335,,64,128.0,"[3, 3]","[5, 5]",,,0.002856479985014118,2,1,2,False,False,,,False,COMPLETE
12,0.0824798047542572,False,False,,,['kT'],128,16,,,False,False,True,False,0.2900202050915087,,256,128.0,True,,True,,0.3979170590195984,,128,,"[5, 5]","[3, 3]",,,0.00013611290680966878,2,2,1,True,True,,,True,COMPLETE
13,inf,True,True,False,,"['redshift', 'Lx_soft']",16,64,32.0,,False,,True,,0.4114685506023636,,128,,True,False,True,False,0.28396568810395684,,64,256.0,"[3, 3]","[3, 3]","[2, 2]",,0.00424260078463918,3,1,2,True,True,True,,False,COMPLETE
14,0.6129499673843384,False,True,False,True,[],64,16,32.0,64.0,False,False,True,False,0.49448203824659526,,256,128.0,True,False,False,False,,,64,128.0,"[10, 10]","[5, 5]","[2, 2]","[5, 5]",0.0003387639846760152,4,2,2,True,False,True,False,True,COMPLETE
15,inf,True,False,True,True,"['kT', 'Lx_soft']",16,128,64.0,32.0,False,True,True,True,0.22443717551509265,0.4515351586069519,128,128.0,False,False,True,False,0.3950795164265708,,256,256.0,"[5, 5]","[3, 3]","[3, 3]","[5, 5]",0.0002608365395992965,4,2,2,True,False,False,False,False,COMPLETE
16,inf,True,True,True,,['Lx_soft'],32,16,32.0,,True,False,False,False,,,64,64.0,True,True,False,False,,,128,64.0,"[10, 10]","[2, 2]","[3, 3]",,0.0017965548132012903,3,2,2,True,True,False,,True,COMPLETE
17,0.7462969422340393,False,True,,,[],64,64,,,False,True,False,False,,,64,128.0,True,,True,,0.31503322659640287,,256,,"[10, 10]","[3, 3]",,,0.008255101730029264,2,2,1,False,False,,,False,COMPLETE
18,0.4173505902290344,False,True,,,['redshift'],32,16,,,True,True,False,True,,0.2748751966563262,256,64.0,False,,True,,0.38358689678370306,,64,,"[3, 3]","[2, 2]",,,0.002329341024752409,2,2,1,True,False,,,True,COMPLETE
19,inf,True,True,True,True,['Lx_soft'],64,128,128.0,32.0,True,,True,,0.39496209042420527,,64,,False,,True,,0.32619183312268607,,128,,"[5, 5]","[5, 5]","[3, 3]","[5, 5]",0.0017361190773505346,4,1,1,False,True,True,False,True,COMPLETE
20,0.08228876441717148,False,False,,,['kT'],128,32,,,False,False,True,True,0.2098075358435417,0.20412003660942454,256,64.0,False,,False,,,,128,,"[5, 5]","[3, 3]",,,0.0006423257594939793,2,2,1,True,True,,,True,COMPLETE
21,0.08736161887645721,False,False,,,['kT'],128,32,,,False,False,True,True,0.2029048557574613,0.2077885368050736,256,64.0,False,,False,,,,128,,"[5, 5]","[3, 3]",,,0.0006758923311119572,2,2,1,True,True,,,True,COMPLETE
22,0.08488976955413818,False,False,,,['kT'],128,32,,,False,False,True,True,0.26553362235994027,0.22667242653275105,256,64.0,False,,False,,,,128,,"[5, 5]","[3, 3]",,,0.0005209014314711719,2,2,1,True,True,,,True,COMPLETE
23,0.08370417356491089,False,False,,,['kT'],128,32,,,False,False,True,True,0.3415262480257936,0.3705262869607211,256,64.0,False,,False,,,,128,,"[5, 5]","[3, 3]",,,0.00010840737562580797,2,2,1,True,True,,,True,COMPLETE
24,0.08720595389604568,False,False,,,['kT'],128,32,,,False,False,True,True,0.2468558467102009,0.35505136165254014,256,64.0,False,,False,,,,128,,"[5, 5]","[3, 3]",,,0.00016493877495355982,2,2,1,True,True,,,True,COMPLETE
25,0.08365704864263535,False,False,True,,['kT'],128,32,128.0,,False,False,True,False,0.3149060512732552,,64,128.0,False,,False,,,,128,,"[5, 5]","[3, 3]","[5, 5]",,0.0005339870421012694,3,2,1,True,True,False,,True,COMPLETE
26,0.08152473717927933,False,False,,,['kT'],128,32,,,False,False,True,True,0.24519462588069987,0.27254330320329156,256,64.0,False,,False,,,,128,,"[5, 5]","[3, 3]",,,0.0007506467345817186,2,2,1,True,True,,,True,COMPLETE
27,0.0895281657576561,False,False,,,"['redshift', 'kT']",128,32,,,False,False,True,True,0.2024494353292789,0.2825054628066232,256,64.0,False,,False,,,,128,,"[5, 5]","[3, 3]",,,0.0008989188479956006,2,2,1,True,True,,,True,COMPLETE
28,inf,False,False,False,,"['redshift', 'kT', 'Lx_soft']",128,32,16.0,,False,False,True,True,0.2408031639508254,0.2701882664226408,128,64.0,False,,False,,,,128,,"[5, 5]","[3, 3]","[5, 5]",,0.0007123841448067573,3,2,1,False,False,True,,True,COMPLETE
29,0.07635432481765747,False,False,True,,['kT'],128,32,128.0,,False,False,True,True,0.3764440065946907,0.24137309258532963,64,64.0,False,,False,,,,256,,"[5, 5]","[3, 3]","[2, 2]",,0.0003938842632057233,3,2,1,False,False,False,,True,COMPLETE
30,0.0749497339129448,False,False,True,,['kT'],32,32,128.0,,False,False,True,True,0.3756636160858026,0.3095146769599264,64,256.0,False,,False,,,,256,,"[5, 5]","[3, 3]","[2, 2]",,0.0003643195169675286,3,2,1,False,False,False,,True,COMPLETE
31,0.07494765520095825,False,False,True,,['kT'],32,32,128.0,,False,False,True,True,0.39549972772765307,0.30977793446855423,64,256.0,False,,False,,,,256,,"[5, 5]","[3, 3]","[2, 2]",,0.00035637290025615135,3,2,1,False,False,False,,True,COMPLETE
32,0.0755537822842598,False,False,True,,['kT'],32,32,128.0,,False,False,True,True,0.3821222037658872,0.318367698487987,64,256.0,False,,False,,,,256,,"[5, 5]","[3, 3]","[2, 2]",,0.0003627649476399559,3,2,1,False,False,False,,True,COMPLETE
33,0.07484053820371628,False,False,True,,['kT'],32,32,128.0,,False,False,True,True,0.43078839198423097,0.3131803931997737,64,256.0,False,,False,,,,256,,"[5, 5]","[3, 3]","[2, 2]",,0.00021411484361955486,3,2,1,False,False,False,,True,COMPLETE
34,0.07548048347234726,False,False,True,,['kT'],32,32,128.0,,False,False,True,True,0.4326387643386314,0.31648696420319294,64,256.0,False,,False,,,,256,,"[5, 5]","[3, 3]","[2, 2]",,0.0001985949325198829,3,2,1,False,False,False,,True,COMPLETE
35,0.07486295700073242,False,False,True,,['kT'],32,32,128.0,,False,False,True,True,0.4499470058123966,0.3899297093581685,64,256.0,False,,False,,,,256,,"[5, 5]","[3, 3]","[2, 2]",,0.00028891863505294327,3,2,1,False,False,False,,True,COMPLETE
36,0.07364875078201294,False,False,True,,"['redshift', 'kT']",32,32,128.0,,False,False,True,True,0.45092424718348345,0.40360316306004007,64,256.0,False,,False,,,,256,,"[5, 5]","[2, 2]","[2, 2]",,0.0002615131570097966,3,2,1,False,False,False,,True,COMPLETE
37,0.07373621314764023,False,False,True,,"['redshift', 'kT']",32,64,128.0,,False,False,True,True,0.45971532569011503,0.40494945033655655,64,256.0,False,,False,,,,256,,"[5, 5]","[2, 2]","[2, 2]",,0.0002588411626584681,3,2,1,False,False,False,,True,COMPLETE
38,0.07407139241695404,False,False,True,,"['redshift', 'kT']",32,64,128.0,,False,False,True,True,0.4656834240709678,0.39664672339920715,64,256.0,False,,False,,,,256,,"[5, 5]","[2, 2]","[2, 2]",,0.0002458411046292585,3,2,1,False,False,False,,True,COMPLETE
39,0.10181941092014313,False,False,True,,"['redshift', 'kT']",32,64,128.0,,True,True,True,True,0.4794844886749346,0.4125333233029279,64,256.0,False,,False,,,,256,,"[5, 5]","[2, 2]","[2, 2]",,0.0001970499790023282,3,2,1,False,False,False,,True,COMPLETE
